INFO: [VRFC 10-163] Analyzing VHDL file "C:/Users/USER/Desktop/Etudiants/ADXL362Ctrl.vhd" into library xil_defaultlib
INFO: [VRFC 10-3107] analyzing entity 'ADXL362Ctrl'
INFO: [VRFC 10-163] Analyzing VHDL file "C:/Users/USER/Desktop/Etudiants/ClkDiv.vhd" into library xil_defaultlib
INFO: [VRFC 10-3107] analyzing entity 'ClkDiv'
INFO: [VRFC 10-163] Analyzing VHDL file "C:/Users/USER/Desktop/Etudiants/ClkDiv_5Hz.vhd" into library xil_defaultlib
INFO: [VRFC 10-3107] analyzing entity 'ClkDiv_5Hz'
INFO: [VRFC 10-163] Analyzing VHDL file "C:/Users/USER/Desktop/Etudiants/SPI_If.vhd" into library xil_defaultlib
INFO: [VRFC 10-3107] analyzing entity 'SPI_If'
INFO: [VRFC 10-163] Analyzing VHDL file "C:/Users/USER/Desktop/Etudiants/ball.vhd" into library xil_defaultlib
INFO: [VRFC 10-3107] analyzing entity 'ball'
INFO: [VRFC 10-163] Analyzing VHDL file "C:/Users/USER/Desktop/Etudiants/pong_package.vhd" into library xil_defaultlib
INFO: [VRFC 10-163] Analyzing VHDL file "C:/Users/USER/Desktop/Etudiants/bounce.vhd" into library xil_defaultlib
INFO: [VRFC 10-3107] analyzing entity 'bounce'
INFO: [VRFC 10-163] Analyzing VHDL file "C:/Users/USER/Desktop/Etudiants/brick.vhd" into library xil_defaultlib
INFO: [VRFC 10-3107] analyzing entity 'brick_ctrl'
INFO: [VRFC 10-163] Analyzing VHDL file "C:/Users/USER/Desktop/Etudiants/decor.vhd" into library xil_defaultlib
INFO: [VRFC 10-3107] analyzing entity 'decor'
INFO: [VRFC 10-163] Analyzing VHDL file "C:/Users/USER/Desktop/Etudiants/display.vhd" into library xil_defaultlib
INFO: [VRFC 10-3107] analyzing entity 'display'
INFO: [VRFC 10-163] Analyzing VHDL file "C:/Users/USER/Desktop/Etudiants/mode.vhd" into library xil_defaultlib
INFO: [VRFC 10-3107] analyzing entity 'mode'
INFO: [VRFC 10-163] Analyzing VHDL file "C:/Users/USER/Desktop/Etudiants/game.vhd" into library xil_defaultlib
INFO: [VRFC 10-3107] analyzing entity 'game'
INFO: [VRFC 10-163] Analyzing VHDL file "C:/Users/USER/Desktop/jeux/jeux.srcs/sources_1/new/test.vhd" into library xil_defaultlib
INFO: [VRFC 10-3107] analyzing entity 'playacc'
INFO: [VRFC 10-163] Analyzing VHDL file "C:/Users/USER/Desktop/Etudiants/vga.vhd" into library xil_defaultlib
INFO: [VRFC 10-3107] analyzing entity 'VGA'
INFO: [VRFC 10-163] Analyzing VHDL file "C:/Users/USER/Desktop/Etudiants/pad.vhd" into library xil_defaultlib
INFO: [VRFC 10-3107] analyzing entity 'pad'
INFO: [VRFC 10-163] Analyzing VHDL file "C:/Users/USER/Desktop/Etudiants/monostable.vhd" into library xil_defaultlib
INFO: [VRFC 10-3107] analyzing entity 'monostable'
INFO: [VRFC 10-163] Analyzing VHDL file "C:/Users/USER/Desktop/Etudiants/objects.vhd" into library xil_defaultlib
INFO: [VRFC 10-3107] analyzing entity 'objects'
INFO: [VRFC 10-163] Analyzing VHDL file "C:/Users/USER/Desktop/myCasseBrique/myCasseBrique.srcs/sources_1/new/game_gen.vhd" into library xil_defaultlib
INFO: [VRFC 10-3107] analyzing entity 'game_gen'
