Vivado Simulator 2018.3
Copyright 1986-1999, 2001-2018 Xilinx, Inc. All Rights Reserved.
Running: C:/Xilinx/Vivado/2018.3/bin/unwrapped/win64.o/xelab.exe -wto b37f8491889745eeaba1ffa54a82d0a0 --incr --debug typical --relax --mt 2 -L xil_defaultlib -L secureip --snapshot game_gen_behav xil_defaultlib.game_gen -log elaborate.log 
Using 2 slave threads.
Starting static elaboration
Completed static elaboration
Starting simulation data flow analysis
Completed simulation data flow analysis
Time Resolution for simulation is 1ps
Compiling package std.standard
Compiling package std.textio
Compiling package ieee.std_logic_1164
Compiling package ieee.numeric_std
Compiling package xil_defaultlib.pong_pack
Compiling package ieee.std_logic_arith
Compiling package ieee.std_logic_signed
Compiling package ieee.math_real
Compiling package ieee.std_logic_unsigned
Compiling architecture behavioral of entity xil_defaultlib.SPI_If [spi_if_default]
Compiling architecture behavioral of entity xil_defaultlib.ADXL362Ctrl [adxl362ctrl_default]
Compiling architecture behavioral of entity xil_defaultlib.playacc [playacc_default]
Compiling architecture behavioral of entity xil_defaultlib.ClkDiv [clkdiv_default]
Compiling architecture behavioral of entity xil_defaultlib.ClkDiv_5Hz [clkdiv_5hz_default]
Compiling architecture archi of entity xil_defaultlib.VGA [vga_default]
Compiling architecture behavioral of entity xil_defaultlib.decor [decor_default]
Compiling architecture behavioral of entity xil_defaultlib.pad [pad_default]
Compiling architecture behavioral of entity xil_defaultlib.bounce [bounce_default]
Compiling architecture comport of entity xil_defaultlib.monostable [monostable_default]
Compiling architecture behavioral of entity xil_defaultlib.ball [ball_default]
Compiling architecture behavioral of entity xil_defaultlib.brick_ctrl [brick_ctrl_default]
Compiling architecture behavioral of entity xil_defaultlib.objects [objects_default]
Compiling architecture behavioral of entity xil_defaultlib.display [display_default]
Compiling architecture behavioral of entity xil_defaultlib.mode [mode_default]
Compiling architecture behavioral of entity xil_defaultlib.game [game_default]
Compiling architecture behavioral of entity xil_defaultlib.game_gen
Built simulation snapshot game_gen_behav
