#-----------------------------------------------------------
# Vivado v2018.3 (64-bit)
# SW Build 2405991 on Thu Dec  6 23:38:27 MST 2018
# IP Build 2404404 on Fri Dec  7 01:43:56 MST 2018
# Start of session at: Fri May 10 13:38:13 2019
# Process ID: 11328
# Current directory: C:/Users/USER/Desktop/myCasseBrique
# Command line: vivado.exe -gui_launcher_event rodinguilauncherevent16108 C:\Users\USER\Desktop\myCasseBrique\myCasseBrique.xpr
# Log file: C:/Users/USER/Desktop/myCasseBrique/vivado.log
# Journal file: C:/Users/USER/Desktop/myCasseBrique\vivado.jou
#-----------------------------------------------------------
start_gui
open_project C:/Users/USER/Desktop/myCasseBrique/myCasseBrique.xpr
Scanning sources...
Finished scanning sources
INFO: [IP_Flow 19-234] Refreshing IP repositories
INFO: [IP_Flow 19-1704] No user IP repositories specified
INFO: [IP_Flow 19-2313] Loaded Vivado IP repository 'C:/Xilinx/Vivado/2018.3/data/ip'.
open_project: Time (s): cpu = 00:00:36 ; elapsed = 00:00:38 . Memory (MB): peak = 680.145 ; gain = 88.855
update_compile_order -fileset sources_1
reset_run synth_2
launch_runs synth_2 -jobs 4
[Fri May 10 13:45:52 2019] Launched synth_2...
Run output will be captured here: C:/Users/USER/Desktop/myCasseBrique/myCasseBrique.runs/synth_2/runme.log
launch_runs impl_2 -jobs 4
[Fri May 10 13:47:46 2019] Launched impl_2...
Run output will be captured here: C:/Users/USER/Desktop/myCasseBrique/myCasseBrique.runs/impl_2/runme.log
launch_runs impl_2 -to_step write_bitstream -jobs 4
[Fri May 10 13:50:27 2019] Launched impl_2...
Run output will be captured here: C:/Users/USER/Desktop/myCasseBrique/myCasseBrique.runs/impl_2/runme.log
reset_run synth_2
launch_runs synth_2 -jobs 4
[Fri May 10 13:58:32 2019] Launched synth_2...
Run output will be captured here: C:/Users/USER/Desktop/myCasseBrique/myCasseBrique.runs/synth_2/runme.log
launch_runs impl_2 -jobs 4
[Fri May 10 14:00:15 2019] Launched impl_2...
Run output will be captured here: C:/Users/USER/Desktop/myCasseBrique/myCasseBrique.runs/impl_2/runme.log
launch_runs impl_2 -to_step write_bitstream -jobs 4
[Fri May 10 14:01:40 2019] Launched impl_2...
Run output will be captured here: C:/Users/USER/Desktop/myCasseBrique/myCasseBrique.runs/impl_2/runme.log
exit
INFO: [Common 17-206] Exiting Vivado at Fri May 10 17:26:49 2019...
