#-----------------------------------------------------------
# Vivado v2018.3 (64-bit)
# SW Build 2405991 on Thu Dec  6 23:38:27 MST 2018
# IP Build 2404404 on Fri Dec  7 01:43:56 MST 2018
# Start of session at: Fri Apr 19 10:58:56 2019
# Process ID: 6276
# Current directory: C:/Users/USER/Desktop/myCasseBrique
# Command line: vivado.exe -gui_launcher_event rodinguilauncherevent9120 C:\Users\USER\Desktop\myCasseBrique\myCasseBrique.xpr
# Log file: C:/Users/USER/Desktop/myCasseBrique/vivado.log
# Journal file: C:/Users/USER/Desktop/myCasseBrique\vivado.jou
#-----------------------------------------------------------
start_gui
open_project C:/Users/USER/Desktop/myCasseBrique/myCasseBrique.xpr
Scanning sources...
Finished scanning sources
INFO: [IP_Flow 19-234] Refreshing IP repositories
INFO: [IP_Flow 19-1704] No user IP repositories specified
INFO: [IP_Flow 19-2313] Loaded Vivado IP repository 'C:/Xilinx/Vivado/2018.3/data/ip'.
open_project: Time (s): cpu = 00:00:29 ; elapsed = 00:00:36 . Memory (MB): peak = 681.656 ; gain = 111.172
update_compile_order -fileset sources_1
file mkdir C:/Users/USER/Desktop/myCasseBrique/myCasseBrique.srcs/constrs_1
file mkdir C:/Users/USER/Desktop/myCasseBrique/myCasseBrique.srcs/constrs_1/new
close [ open C:/Users/USER/Desktop/myCasseBrique/myCasseBrique.srcs/constrs_1/new/pn.xdc w ]
add_files -fileset constrs_1 C:/Users/USER/Desktop/myCasseBrique/myCasseBrique.srcs/constrs_1/new/pn.xdc
reset_run synth_1
launch_runs synth_1 -jobs 4
[Fri Apr 19 14:13:18 2019] Launched synth_1...
Run output will be captured here: C:/Users/USER/Desktop/myCasseBrique/myCasseBrique.runs/synth_1/runme.log
launch_runs impl_1 -jobs 4
[Fri Apr 19 14:14:23 2019] Launched impl_1...
Run output will be captured here: C:/Users/USER/Desktop/myCasseBrique/myCasseBrique.runs/impl_1/runme.log
open_hw
connect_hw_server
INFO: [Labtools 27-2285] Connecting to hw_server url TCP:localhost:3121
INFO: [Labtools 27-2222] Launching hw_server...
INFO: [Labtools 27-2221] Launch Output:

****** Xilinx hw_server v2018.3
  **** Build date : Dec  7 2018-00:40:27
    ** Copyright 1986-2018 Xilinx, Inc. All Rights Reserved.


connect_hw_server: Time (s): cpu = 00:00:01 ; elapsed = 00:00:06 . Memory (MB): peak = 745.949 ; gain = 0.000
open_hw_target
INFO: [Labtoolstcl 44-466] Opening hw_target localhost:3121/xilinx_tcf/Digilent/210292A8B390A
current_hw_device [get_hw_devices xc7a100t_0]
refresh_hw_device -update_hw_probes false [lindex [get_hw_devices xc7a100t_0] 0]
INFO: [Labtools 27-1434] Device xc7a100t (JTAG device index = 0) is programmed with a design that has no supported debug core(s) in it.
reset_run impl_1
launch_runs impl_1 -jobs 4
[Fri Apr 19 14:18:50 2019] Launched impl_1...
Run output will be captured here: C:/Users/USER/Desktop/myCasseBrique/myCasseBrique.runs/impl_1/runme.log
create_run synth_2 -flow {Vivado Synthesis 2018} -strategy {Vivado Synthesis Defaults} -report_strategy {Vivado Synthesis Default Reports}
Run is defaulting to srcset: sources_1
Run is defaulting to constrset: constrs_1
Run is defaulting to part: xc7k70tfbv676-1
current_run [get_runs synth_2]
set_property part xa7a100tcsg324-1I [current_project]
set_property target_language VHDL [current_project]
launch_runs synth_2 -jobs 4
[Fri Apr 19 14:26:32 2019] Launched synth_2...
Run output will be captured here: C:/Users/USER/Desktop/myCasseBrique/myCasseBrique.runs/synth_2/runme.log
launch_runs impl_2 -jobs 4
[Fri Apr 19 14:27:39 2019] Launched impl_2...
Run output will be captured here: C:/Users/USER/Desktop/myCasseBrique/myCasseBrique.runs/impl_2/runme.log
launch_runs impl_2 -to_step write_bitstream -jobs 4
[Fri Apr 19 14:29:22 2019] Launched impl_2...
Run output will be captured here: C:/Users/USER/Desktop/myCasseBrique/myCasseBrique.runs/impl_2/runme.log
open_run impl_2
INFO: [Netlist 29-17] Analyzing 53 Unisim elements for replacement
INFO: [Netlist 29-28] Unisim Transformation completed in 0 CPU seconds
INFO: [Project 1-479] Netlist was created with Vivado 2018.3
INFO: [Device 21-403] Loading part xa7a100tcsg324-1I
INFO: [Project 1-570] Preparing netlist for logic optimization
INFO: [Timing 38-478] Restoring timing data from binary archive.
INFO: [Timing 38-479] Binary timing data restore complete.
INFO: [Project 1-856] Restoring constraints from binary archive.
INFO: [Project 1-853] Binary constraint restore complete.
Reading XDEF placement.
Reading placer database...
Reading XDEF routing.
Read XDEF File: Time (s): cpu = 00:00:00 ; elapsed = 00:00:00.092 . Memory (MB): peak = 2510.957 ; gain = 0.000
Restored from archive | CPU: 0.000000 secs | Memory: 0.000000 MB |
Finished XDEF File Restore: Time (s): cpu = 00:00:00 ; elapsed = 00:00:00.092 . Memory (MB): peak = 2510.957 ; gain = 0.000
Netlist sorting complete. Time (s): cpu = 00:00:00 ; elapsed = 00:00:00 . Memory (MB): peak = 2510.957 ; gain = 0.000
INFO: [Project 1-111] Unisim Transformation Summary:
No Unisim elements were transformed.

open_run: Time (s): cpu = 00:00:34 ; elapsed = 00:00:33 . Memory (MB): peak = 2647.074 ; gain = 887.063
WARNING: [Timing 38-313] There are no user specified timing constraints. Timing constraints are needed for proper timing analysis.
set_property PROBES.FILE {} [get_hw_devices xc7a100t_0]
set_property FULL_PROBES.FILE {} [get_hw_devices xc7a100t_0]
set_property PROGRAM.FILE {C:/Users/USER/Desktop/myCasseBrique/myCasseBrique.runs/impl_2/game_gen.bit} [get_hw_devices xc7a100t_0]
program_hw_devices [get_hw_devices xc7a100t_0]
INFO: [Labtools 27-3164] End of startup status: HIGH
refresh_hw_device [lindex [get_hw_devices xc7a100t_0] 0]
INFO: [Labtools 27-1434] Device xc7a100t (JTAG device index = 0) is programmed with a design that has no supported debug core(s) in it.
reset_run synth_2
launch_runs synth_2 -jobs 4
[Fri Apr 19 14:49:21 2019] Launched synth_2...
Run output will be captured here: C:/Users/USER/Desktop/myCasseBrique/myCasseBrique.runs/synth_2/runme.log
reset_run synth_2
launch_runs synth_2 -jobs 4
[Fri Apr 19 14:50:46 2019] Launched synth_2...
Run output will be captured here: C:/Users/USER/Desktop/myCasseBrique/myCasseBrique.runs/synth_2/runme.log
reset_run synth_2
launch_runs synth_2 -jobs 4
[Fri Apr 19 14:51:18 2019] Launched synth_2...
Run output will be captured here: C:/Users/USER/Desktop/myCasseBrique/myCasseBrique.runs/synth_2/runme.log
reset_run synth_2
launch_runs synth_2 -jobs 4
[Fri Apr 19 14:56:11 2019] Launched synth_2...
Run output will be captured here: C:/Users/USER/Desktop/myCasseBrique/myCasseBrique.runs/synth_2/runme.log
reset_run synth_2
launch_runs synth_2 -jobs 4
[Fri Apr 19 14:57:04 2019] Launched synth_2...
Run output will be captured here: C:/Users/USER/Desktop/myCasseBrique/myCasseBrique.runs/synth_2/runme.log
reset_run synth_2
launch_runs synth_2 -jobs 4
[Fri Apr 19 14:58:10 2019] Launched synth_2...
Run output will be captured here: C:/Users/USER/Desktop/myCasseBrique/myCasseBrique.runs/synth_2/runme.log
reset_run synth_2
launch_runs synth_2 -jobs 4
[Fri Apr 19 15:01:02 2019] Launched synth_2...
Run output will be captured here: C:/Users/USER/Desktop/myCasseBrique/myCasseBrique.runs/synth_2/runme.log
launch_runs impl_2 -jobs 4
[Fri Apr 19 15:02:08 2019] Launched impl_2...
Run output will be captured here: C:/Users/USER/Desktop/myCasseBrique/myCasseBrique.runs/impl_2/runme.log
launch_runs impl_2 -to_step write_bitstream -jobs 4
[Fri Apr 19 15:05:16 2019] Launched impl_2...
Run output will be captured here: C:/Users/USER/Desktop/myCasseBrique/myCasseBrique.runs/impl_2/runme.log
set_property PROBES.FILE {} [get_hw_devices xc7a100t_0]
set_property FULL_PROBES.FILE {} [get_hw_devices xc7a100t_0]
set_property PROGRAM.FILE {C:/Users/USER/Desktop/myCasseBrique/myCasseBrique.runs/impl_2/game_gen.bit} [get_hw_devices xc7a100t_0]
program_hw_devices [get_hw_devices xc7a100t_0]
INFO: [Labtools 27-3164] End of startup status: HIGH
refresh_hw_device [lindex [get_hw_devices xc7a100t_0] 0]
INFO: [Labtools 27-1434] Device xc7a100t (JTAG device index = 0) is programmed with a design that has no supported debug core(s) in it.
reset_run synth_2
launch_runs synth_2 -jobs 4
[Fri Apr 19 15:08:09 2019] Launched synth_2...
Run output will be captured here: C:/Users/USER/Desktop/myCasseBrique/myCasseBrique.runs/synth_2/runme.log
launch_runs impl_2 -jobs 4
[Fri Apr 19 15:10:14 2019] Launched impl_2...
Run output will be captured here: C:/Users/USER/Desktop/myCasseBrique/myCasseBrique.runs/impl_2/runme.log
launch_runs impl_2 -to_step write_bitstream -jobs 4
[Fri Apr 19 15:11:54 2019] Launched impl_2...
Run output will be captured here: C:/Users/USER/Desktop/myCasseBrique/myCasseBrique.runs/impl_2/runme.log
set_property PROBES.FILE {} [get_hw_devices xc7a100t_0]
set_property FULL_PROBES.FILE {} [get_hw_devices xc7a100t_0]
set_property PROGRAM.FILE {C:/Users/USER/Desktop/myCasseBrique/myCasseBrique.runs/impl_2/game_gen.bit} [get_hw_devices xc7a100t_0]
program_hw_devices [get_hw_devices xc7a100t_0]
INFO: [Labtools 27-3164] End of startup status: HIGH
refresh_hw_device [lindex [get_hw_devices xc7a100t_0] 0]
INFO: [Labtools 27-1434] Device xc7a100t (JTAG device index = 0) is programmed with a design that has no supported debug core(s) in it.
reset_run synth_2
launch_runs synth_2 -jobs 4
[Fri Apr 19 15:15:55 2019] Launched synth_2...
Run output will be captured here: C:/Users/USER/Desktop/myCasseBrique/myCasseBrique.runs/synth_2/runme.log
launch_runs impl_2 -jobs 4
[Fri Apr 19 15:16:42 2019] Launched impl_2...
Run output will be captured here: C:/Users/USER/Desktop/myCasseBrique/myCasseBrique.runs/impl_2/runme.log
launch_runs impl_2 -to_step write_bitstream -jobs 4
[Fri Apr 19 15:17:57 2019] Launched impl_2...
Run output will be captured here: C:/Users/USER/Desktop/myCasseBrique/myCasseBrique.runs/impl_2/runme.log
set_property PROBES.FILE {} [get_hw_devices xc7a100t_0]
set_property FULL_PROBES.FILE {} [get_hw_devices xc7a100t_0]
set_property PROGRAM.FILE {C:/Users/USER/Desktop/myCasseBrique/myCasseBrique.runs/impl_2/game_gen.bit} [get_hw_devices xc7a100t_0]
program_hw_devices [get_hw_devices xc7a100t_0]
INFO: [Labtools 27-3164] End of startup status: HIGH
refresh_hw_device [lindex [get_hw_devices xc7a100t_0] 0]
INFO: [Labtools 27-1434] Device xc7a100t (JTAG device index = 0) is programmed with a design that has no supported debug core(s) in it.
reset_run synth_2
launch_runs synth_2 -jobs 4
[Fri Apr 19 15:24:33 2019] Launched synth_2...
Run output will be captured here: C:/Users/USER/Desktop/myCasseBrique/myCasseBrique.runs/synth_2/runme.log
launch_runs impl_2 -jobs 4
[Fri Apr 19 15:25:25 2019] Launched impl_2...
Run output will be captured here: C:/Users/USER/Desktop/myCasseBrique/myCasseBrique.runs/impl_2/runme.log
launch_runs impl_2 -to_step write_bitstream -jobs 4
[Fri Apr 19 15:28:59 2019] Launched impl_2...
Run output will be captured here: C:/Users/USER/Desktop/myCasseBrique/myCasseBrique.runs/impl_2/runme.log
set_property PROBES.FILE {} [get_hw_devices xc7a100t_0]
set_property FULL_PROBES.FILE {} [get_hw_devices xc7a100t_0]
set_property PROGRAM.FILE {C:/Users/USER/Desktop/myCasseBrique/myCasseBrique.runs/impl_2/game_gen.bit} [get_hw_devices xc7a100t_0]
program_hw_devices [get_hw_devices xc7a100t_0]
INFO: [Labtools 27-3164] End of startup status: HIGH
refresh_hw_device [lindex [get_hw_devices xc7a100t_0] 0]
INFO: [Labtools 27-1434] Device xc7a100t (JTAG device index = 0) is programmed with a design that has no supported debug core(s) in it.
reset_run synth_2
launch_runs synth_2 -jobs 4
[Fri Apr 19 16:25:45 2019] Launched synth_2...
Run output will be captured here: C:/Users/USER/Desktop/myCasseBrique/myCasseBrique.runs/synth_2/runme.log
launch_runs impl_2 -jobs 4
[Fri Apr 19 16:26:29 2019] Launched impl_2...
Run output will be captured here: C:/Users/USER/Desktop/myCasseBrique/myCasseBrique.runs/impl_2/runme.log
launch_runs impl_2 -to_step write_bitstream -jobs 4
[Fri Apr 19 16:28:03 2019] Launched impl_2...
Run output will be captured here: C:/Users/USER/Desktop/myCasseBrique/myCasseBrique.runs/impl_2/runme.log
set_property PROBES.FILE {} [get_hw_devices xc7a100t_0]
set_property FULL_PROBES.FILE {} [get_hw_devices xc7a100t_0]
set_property PROGRAM.FILE {C:/Users/USER/Desktop/myCasseBrique/myCasseBrique.runs/impl_2/game_gen.bit} [get_hw_devices xc7a100t_0]
program_hw_devices [get_hw_devices xc7a100t_0]
INFO: [Labtools 27-3164] End of startup status: HIGH
refresh_hw_device [lindex [get_hw_devices xc7a100t_0] 0]
INFO: [Labtools 27-1434] Device xc7a100t (JTAG device index = 0) is programmed with a design that has no supported debug core(s) in it.
update_compile_order -fileset sources_1
update_compile_order -fileset sources_1
reset_run synth_2
launch_runs synth_2 -jobs 4
[Fri Apr 19 16:56:58 2019] Launched synth_2...
Run output will be captured here: C:/Users/USER/Desktop/myCasseBrique/myCasseBrique.runs/synth_2/runme.log
launch_runs impl_2 -jobs 4
[Fri Apr 19 16:57:38 2019] Launched impl_2...
Run output will be captured here: C:/Users/USER/Desktop/myCasseBrique/myCasseBrique.runs/impl_2/runme.log
launch_runs impl_2 -to_step write_bitstream -jobs 4
[Fri Apr 19 16:58:53 2019] Launched impl_2...
Run output will be captured here: C:/Users/USER/Desktop/myCasseBrique/myCasseBrique.runs/impl_2/runme.log
set_property PROBES.FILE {} [get_hw_devices xc7a100t_0]
set_property FULL_PROBES.FILE {} [get_hw_devices xc7a100t_0]
set_property PROGRAM.FILE {C:/Users/USER/Desktop/myCasseBrique/myCasseBrique.runs/impl_2/game_gen.bit} [get_hw_devices xc7a100t_0]
program_hw_devices [get_hw_devices xc7a100t_0]
INFO: [Labtools 27-3164] End of startup status: HIGH
refresh_hw_device [lindex [get_hw_devices xc7a100t_0] 0]
INFO: [Labtools 27-1434] Device xc7a100t (JTAG device index = 0) is programmed with a design that has no supported debug core(s) in it.
reset_run synth_2
launch_runs synth_2 -jobs 4
[Fri Apr 19 17:10:32 2019] Launched synth_2...
Run output will be captured here: C:/Users/USER/Desktop/myCasseBrique/myCasseBrique.runs/synth_2/runme.log
launch_runs impl_2 -jobs 4
[Fri Apr 19 17:12:05 2019] Launched impl_2...
Run output will be captured here: C:/Users/USER/Desktop/myCasseBrique/myCasseBrique.runs/impl_2/runme.log
launch_runs impl_2 -to_step write_bitstream -jobs 4
[Fri Apr 19 17:13:46 2019] Launched impl_2...
Run output will be captured here: C:/Users/USER/Desktop/myCasseBrique/myCasseBrique.runs/impl_2/runme.log
set_property PROBES.FILE {} [get_hw_devices xc7a100t_0]
set_property FULL_PROBES.FILE {} [get_hw_devices xc7a100t_0]
set_property PROGRAM.FILE {C:/Users/USER/Desktop/myCasseBrique/myCasseBrique.runs/impl_2/game_gen.bit} [get_hw_devices xc7a100t_0]
program_hw_devices [get_hw_devices xc7a100t_0]
INFO: [Labtools 27-3164] End of startup status: HIGH
refresh_hw_device [lindex [get_hw_devices xc7a100t_0] 0]
INFO: [Labtools 27-1434] Device xc7a100t (JTAG device index = 0) is programmed with a design that has no supported debug core(s) in it.
reset_run synth_2
launch_runs synth_2 -jobs 4
[Fri Apr 19 17:23:54 2019] Launched synth_2...
Run output will be captured here: C:/Users/USER/Desktop/myCasseBrique/myCasseBrique.runs/synth_2/runme.log
launch_runs impl_2 -jobs 4
[Fri Apr 19 17:24:39 2019] Launched impl_2...
Run output will be captured here: C:/Users/USER/Desktop/myCasseBrique/myCasseBrique.runs/impl_2/runme.log
launch_runs impl_2 -to_step write_bitstream -jobs 4
[Fri Apr 19 17:25:55 2019] Launched impl_2...
Run output will be captured here: C:/Users/USER/Desktop/myCasseBrique/myCasseBrique.runs/impl_2/runme.log
set_property PROBES.FILE {} [get_hw_devices xc7a100t_0]
set_property FULL_PROBES.FILE {} [get_hw_devices xc7a100t_0]
set_property PROGRAM.FILE {C:/Users/USER/Desktop/myCasseBrique/myCasseBrique.runs/impl_2/game_gen.bit} [get_hw_devices xc7a100t_0]
program_hw_devices [get_hw_devices xc7a100t_0]
INFO: [Labtools 27-3164] End of startup status: HIGH
refresh_hw_device [lindex [get_hw_devices xc7a100t_0] 0]
INFO: [Labtools 27-1434] Device xc7a100t (JTAG device index = 0) is programmed with a design that has no supported debug core(s) in it.
reset_run synth_2
launch_runs synth_2 -jobs 4
[Fri Apr 19 17:36:13 2019] Launched synth_2...
Run output will be captured here: C:/Users/USER/Desktop/myCasseBrique/myCasseBrique.runs/synth_2/runme.log
launch_runs impl_2 -jobs 4
[Fri Apr 19 17:37:13 2019] Launched impl_2...
Run output will be captured here: C:/Users/USER/Desktop/myCasseBrique/myCasseBrique.runs/impl_2/runme.log
launch_runs impl_2 -to_step write_bitstream -jobs 4
[Fri Apr 19 17:38:25 2019] Launched impl_2...
Run output will be captured here: C:/Users/USER/Desktop/myCasseBrique/myCasseBrique.runs/impl_2/runme.log
set_property PROBES.FILE {} [get_hw_devices xc7a100t_0]
set_property FULL_PROBES.FILE {} [get_hw_devices xc7a100t_0]
set_property PROGRAM.FILE {C:/Users/USER/Desktop/myCasseBrique/myCasseBrique.runs/impl_2/game_gen.bit} [get_hw_devices xc7a100t_0]
program_hw_devices [get_hw_devices xc7a100t_0]
INFO: [Labtools 27-3164] End of startup status: HIGH
refresh_hw_device [lindex [get_hw_devices xc7a100t_0] 0]
INFO: [Labtools 27-1434] Device xc7a100t (JTAG device index = 0) is programmed with a design that has no supported debug core(s) in it.
reset_run synth_2
launch_runs synth_2 -jobs 4
[Fri Apr 19 17:44:18 2019] Launched synth_2...
Run output will be captured here: C:/Users/USER/Desktop/myCasseBrique/myCasseBrique.runs/synth_2/runme.log
launch_runs impl_2 -jobs 4
[Fri Apr 19 17:44:58 2019] Launched impl_2...
Run output will be captured here: C:/Users/USER/Desktop/myCasseBrique/myCasseBrique.runs/impl_2/runme.log
launch_runs impl_2 -to_step write_bitstream -jobs 4
[Fri Apr 19 17:46:09 2019] Launched impl_2...
Run output will be captured here: C:/Users/USER/Desktop/myCasseBrique/myCasseBrique.runs/impl_2/runme.log
set_property PROBES.FILE {} [get_hw_devices xc7a100t_0]
set_property FULL_PROBES.FILE {} [get_hw_devices xc7a100t_0]
set_property PROGRAM.FILE {C:/Users/USER/Desktop/myCasseBrique/myCasseBrique.runs/impl_2/game_gen.bit} [get_hw_devices xc7a100t_0]
program_hw_devices [get_hw_devices xc7a100t_0]
INFO: [Labtools 27-3164] End of startup status: HIGH
refresh_hw_device [lindex [get_hw_devices xc7a100t_0] 0]
INFO: [Labtools 27-1434] Device xc7a100t (JTAG device index = 0) is programmed with a design that has no supported debug core(s) in it.
reset_run synth_2
launch_runs synth_2 -jobs 4
[Fri Apr 19 17:47:41 2019] Launched synth_2...
Run output will be captured here: C:/Users/USER/Desktop/myCasseBrique/myCasseBrique.runs/synth_2/runme.log
launch_runs impl_2 -jobs 4
[Fri Apr 19 17:50:12 2019] Launched impl_2...
Run output will be captured here: C:/Users/USER/Desktop/myCasseBrique/myCasseBrique.runs/impl_2/runme.log
launch_runs impl_2 -to_step write_bitstream -jobs 4
[Fri Apr 19 17:51:24 2019] Launched impl_2...
Run output will be captured here: C:/Users/USER/Desktop/myCasseBrique/myCasseBrique.runs/impl_2/runme.log
set_property PROBES.FILE {} [get_hw_devices xc7a100t_0]
set_property FULL_PROBES.FILE {} [get_hw_devices xc7a100t_0]
set_property PROGRAM.FILE {C:/Users/USER/Desktop/myCasseBrique/myCasseBrique.runs/impl_2/game_gen.bit} [get_hw_devices xc7a100t_0]
program_hw_devices [get_hw_devices xc7a100t_0]
INFO: [Labtools 27-3164] End of startup status: HIGH
refresh_hw_device [lindex [get_hw_devices xc7a100t_0] 0]
INFO: [Labtools 27-1434] Device xc7a100t (JTAG device index = 0) is programmed with a design that has no supported debug core(s) in it.
reset_run synth_2
launch_runs synth_2 -jobs 4
[Fri Apr 19 17:53:57 2019] Launched synth_2...
Run output will be captured here: C:/Users/USER/Desktop/myCasseBrique/myCasseBrique.runs/synth_2/runme.log
launch_runs impl_2 -jobs 4
[Fri Apr 19 17:54:42 2019] Launched impl_2...
Run output will be captured here: C:/Users/USER/Desktop/myCasseBrique/myCasseBrique.runs/impl_2/runme.log
reset_run synth_2
launch_runs synth_2 -jobs 4
[Fri Apr 19 17:56:28 2019] Launched synth_2...
Run output will be captured here: C:/Users/USER/Desktop/myCasseBrique/myCasseBrique.runs/synth_2/runme.log
launch_runs impl_2 -jobs 4
[Fri Apr 19 17:57:06 2019] Launched impl_2...
Run output will be captured here: C:/Users/USER/Desktop/myCasseBrique/myCasseBrique.runs/impl_2/runme.log
launch_runs impl_2 -to_step write_bitstream -jobs 4
[Fri Apr 19 17:58:27 2019] Launched impl_2...
Run output will be captured here: C:/Users/USER/Desktop/myCasseBrique/myCasseBrique.runs/impl_2/runme.log
set_property PROBES.FILE {} [get_hw_devices xc7a100t_0]
set_property FULL_PROBES.FILE {} [get_hw_devices xc7a100t_0]
set_property PROGRAM.FILE {C:/Users/USER/Desktop/myCasseBrique/myCasseBrique.runs/impl_2/game_gen.bit} [get_hw_devices xc7a100t_0]
program_hw_devices [get_hw_devices xc7a100t_0]
INFO: [Labtools 27-3164] End of startup status: HIGH
refresh_hw_device [lindex [get_hw_devices xc7a100t_0] 0]
INFO: [Labtools 27-1434] Device xc7a100t (JTAG device index = 0) is programmed with a design that has no supported debug core(s) in it.
reset_run synth_2
launch_runs synth_2 -jobs 4
[Fri Apr 19 18:03:45 2019] Launched synth_2...
Run output will be captured here: C:/Users/USER/Desktop/myCasseBrique/myCasseBrique.runs/synth_2/runme.log
launch_runs impl_2 -jobs 4
[Fri Apr 19 18:04:34 2019] Launched impl_2...
Run output will be captured here: C:/Users/USER/Desktop/myCasseBrique/myCasseBrique.runs/impl_2/runme.log
launch_runs impl_2 -to_step write_bitstream -jobs 4
[Fri Apr 19 18:06:44 2019] Launched impl_2...
Run output will be captured here: C:/Users/USER/Desktop/myCasseBrique/myCasseBrique.runs/impl_2/runme.log
set_property PROBES.FILE {} [get_hw_devices xc7a100t_0]
set_property FULL_PROBES.FILE {} [get_hw_devices xc7a100t_0]
set_property PROGRAM.FILE {C:/Users/USER/Desktop/myCasseBrique/myCasseBrique.runs/impl_2/game_gen.bit} [get_hw_devices xc7a100t_0]
program_hw_devices [get_hw_devices xc7a100t_0]
INFO: [Labtools 27-3164] End of startup status: HIGH
refresh_hw_device [lindex [get_hw_devices xc7a100t_0] 0]
INFO: [Labtools 27-1434] Device xc7a100t (JTAG device index = 0) is programmed with a design that has no supported debug core(s) in it.
ERROR: [Labtoolstcl 44-513] HW Target shutdown. Closing target: localhost:3121/xilinx_tcf/Digilent/210292A8B390A
