#-----------------------------------------------------------
# Vivado v2018.3 (64-bit)
# SW Build 2405991 on Thu Dec  6 23:38:27 MST 2018
# IP Build 2404404 on Fri Dec  7 01:43:56 MST 2018
# Start of session at: Thu May  9 10:13:43 2019
# Process ID: 12252
# Current directory: C:/Users/USER/Desktop/myCasseBrique
# Command line: vivado.exe -gui_launcher_event rodinguilauncherevent9808 C:\Users\USER\Desktop\myCasseBrique\myCasseBrique.xpr
# Log file: C:/Users/USER/Desktop/myCasseBrique/vivado.log
# Journal file: C:/Users/USER/Desktop/myCasseBrique\vivado.jou
#-----------------------------------------------------------
start_gui
open_project C:/Users/USER/Desktop/myCasseBrique/myCasseBrique.xpr
Scanning sources...
Finished scanning sources
INFO: [IP_Flow 19-234] Refreshing IP repositories
INFO: [IP_Flow 19-1704] No user IP repositories specified
INFO: [IP_Flow 19-2313] Loaded Vivado IP repository 'C:/Xilinx/Vivado/2018.3/data/ip'.
open_project: Time (s): cpu = 00:00:17 ; elapsed = 00:00:22 . Memory (MB): peak = 684.727 ; gain = 97.383
update_compile_order -fileset sources_1
reset_run synth_2
launch_runs synth_2 -jobs 4
[Thu May  9 15:05:10 2019] Launched synth_2...
Run output will be captured here: C:/Users/USER/Desktop/myCasseBrique/myCasseBrique.runs/synth_2/runme.log
launch_runs impl_2 -jobs 4
[Thu May  9 15:07:24 2019] Launched impl_2...
Run output will be captured here: C:/Users/USER/Desktop/myCasseBrique/myCasseBrique.runs/impl_2/runme.log
