#-----------------------------------------------------------
# Vivado v2018.3 (64-bit)
# SW Build 2405991 on Thu Dec  6 23:38:27 MST 2018
# IP Build 2404404 on Fri Dec  7 01:43:56 MST 2018
# Start of session at: Mon Apr 29 10:13:57 2019
# Process ID: 11868
# Current directory: C:/Users/USER/Desktop/myCasseBrique
# Command line: vivado.exe -gui_launcher_event rodinguilauncherevent17804 C:\Users\USER\Desktop\myCasseBrique\myCasseBrique.xpr
# Log file: C:/Users/USER/Desktop/myCasseBrique/vivado.log
# Journal file: C:/Users/USER/Desktop/myCasseBrique\vivado.jou
#-----------------------------------------------------------
start_gui
open_project C:/Users/USER/Desktop/myCasseBrique/myCasseBrique.xpr
Scanning sources...
Finished scanning sources
INFO: [IP_Flow 19-234] Refreshing IP repositories
INFO: [IP_Flow 19-1704] No user IP repositories specified
INFO: [IP_Flow 19-2313] Loaded Vivado IP repository 'C:/Xilinx/Vivado/2018.3/data/ip'.
open_project: Time (s): cpu = 00:01:16 ; elapsed = 00:00:36 . Memory (MB): peak = 686.801 ; gain = 94.078
update_compile_order -fileset sources_1
reset_run synth_2
launch_runs synth_2 -jobs 4
[Mon Apr 29 10:50:32 2019] Launched synth_2...
Run output will be captured here: C:/Users/USER/Desktop/myCasseBrique/myCasseBrique.runs/synth_2/runme.log
launch_runs impl_2 -jobs 4
[Mon Apr 29 10:52:08 2019] Launched impl_2...
Run output will be captured here: C:/Users/USER/Desktop/myCasseBrique/myCasseBrique.runs/impl_2/runme.log
open_hw
connect_hw_server
INFO: [Labtools 27-2285] Connecting to hw_server url TCP:localhost:3121
INFO: [Labtools 27-2222] Launching hw_server...
INFO: [Labtools 27-2221] Launch Output:

****** Xilinx hw_server v2018.3
  **** Build date : Dec  7 2018-00:40:27
    ** Copyright 1986-2018 Xilinx, Inc. All Rights Reserved.


connect_hw_server: Time (s): cpu = 00:00:01 ; elapsed = 00:00:11 . Memory (MB): peak = 794.160 ; gain = 0.000
open_hw_target
INFO: [Labtoolstcl 44-466] Opening hw_target localhost:3121/xilinx_tcf/Digilent/210292A8B36CA
open_hw_target: Time (s): cpu = 00:00:06 ; elapsed = 00:00:08 . Memory (MB): peak = 1716.805 ; gain = 922.645
current_hw_device [get_hw_devices xc7a100t_0]
refresh_hw_device -update_hw_probes false [lindex [get_hw_devices xc7a100t_0] 0]
INFO: [Labtools 27-1435] Device xc7a100t (JTAG device index = 0) is not programmed (DONE status = 0).
launch_runs impl_2 -to_step write_bitstream -jobs 4
[Mon Apr 29 10:54:17 2019] Launched impl_2...
Run output will be captured here: C:/Users/USER/Desktop/myCasseBrique/myCasseBrique.runs/impl_2/runme.log
ERROR: [Labtoolstcl 44-513] HW Target shutdown. Closing target: localhost:3121/xilinx_tcf/Digilent/210292A8B36CA
INFO: [Labtoolstcl 44-466] Opening hw_target localhost:3121/xilinx_tcf/Digilent/210292A8B36CA
INFO: [Labtools 27-1434] Device xc7a100t (JTAG device index = 0) is programmed with a design that has no supported debug core(s) in it.
WARNING: [Labtoolstcl 44-129] No matching hw_ila_data was found.
refresh_hw_device [lindex [get_hw_devices xc7a100t_0] 0]
INFO: [Labtools 27-1434] Device xc7a100t (JTAG device index = 0) is programmed with a design that has no supported debug core(s) in it.
set_property PROBES.FILE {} [get_hw_devices xc7a100t_0]
set_property FULL_PROBES.FILE {} [get_hw_devices xc7a100t_0]
set_property PROGRAM.FILE {C:/Users/USER/Desktop/myCasseBrique/myCasseBrique.runs/impl_2/game_gen.bit} [get_hw_devices xc7a100t_0]
program_hw_devices [get_hw_devices xc7a100t_0]
INFO: [Labtools 27-3164] End of startup status: HIGH
refresh_hw_device [lindex [get_hw_devices xc7a100t_0] 0]
INFO: [Labtools 27-1434] Device xc7a100t (JTAG device index = 0) is programmed with a design that has no supported debug core(s) in it.
reset_run synth_2
launch_runs synth_2 -jobs 4
[Mon Apr 29 11:01:27 2019] Launched synth_2...
Run output will be captured here: C:/Users/USER/Desktop/myCasseBrique/myCasseBrique.runs/synth_2/runme.log
launch_runs impl_2 -jobs 4
[Mon Apr 29 11:02:44 2019] Launched impl_2...
Run output will be captured here: C:/Users/USER/Desktop/myCasseBrique/myCasseBrique.runs/impl_2/runme.log
launch_runs impl_2 -to_step write_bitstream -jobs 4
[Mon Apr 29 11:04:47 2019] Launched impl_2...
Run output will be captured here: C:/Users/USER/Desktop/myCasseBrique/myCasseBrique.runs/impl_2/runme.log
set_property PROBES.FILE {} [get_hw_devices xc7a100t_0]
set_property FULL_PROBES.FILE {} [get_hw_devices xc7a100t_0]
set_property PROGRAM.FILE {C:/Users/USER/Desktop/myCasseBrique/myCasseBrique.runs/impl_2/game_gen.bit} [get_hw_devices xc7a100t_0]
program_hw_devices [get_hw_devices xc7a100t_0]
INFO: [Labtools 27-3164] End of startup status: HIGH
refresh_hw_device [lindex [get_hw_devices xc7a100t_0] 0]
INFO: [Labtools 27-1434] Device xc7a100t (JTAG device index = 0) is programmed with a design that has no supported debug core(s) in it.
launch_simulation
INFO: [Vivado 12-5682] Launching behavioral simulation in 'C:/Users/USER/Desktop/myCasseBrique/myCasseBrique.sim/sim_1/behav/xsim'
INFO: [SIM-utils-51] Simulation object is 'sim_1'
INFO: [SIM-utils-54] Inspecting design source files for 'game_gen' in fileset 'sim_1'...
INFO: [USF-XSim-97] Finding global include files...
INFO: [USF-XSim-98] Fetching design files from 'sim_1'...
INFO: [USF-XSim-2] XSim::Compile design
INFO: [USF-XSim-61] Executing 'COMPILE and ANALYZE' step in 'C:/Users/USER/Desktop/myCasseBrique/myCasseBrique.sim/sim_1/behav/xsim'
"xvhdl --incr --relax -prj game_gen_vhdl.prj"
INFO: [VRFC 10-163] Analyzing VHDL file "C:/Users/USER/Desktop/Etudiants/ADXL362Ctrl.vhd" into library xil_defaultlib
INFO: [VRFC 10-3107] analyzing entity 'ADXL362Ctrl'
INFO: [VRFC 10-163] Analyzing VHDL file "C:/Users/USER/Desktop/Etudiants/ClkDiv.vhd" into library xil_defaultlib
INFO: [VRFC 10-3107] analyzing entity 'ClkDiv'
INFO: [VRFC 10-163] Analyzing VHDL file "C:/Users/USER/Desktop/Etudiants/ClkDiv_5Hz.vhd" into library xil_defaultlib
INFO: [VRFC 10-3107] analyzing entity 'ClkDiv_5Hz'
INFO: [VRFC 10-163] Analyzing VHDL file "C:/Users/USER/Desktop/Etudiants/SPI_If.vhd" into library xil_defaultlib
INFO: [VRFC 10-3107] analyzing entity 'SPI_If'
INFO: [VRFC 10-163] Analyzing VHDL file "C:/Users/USER/Desktop/Etudiants/ball.vhd" into library xil_defaultlib
INFO: [VRFC 10-3107] analyzing entity 'ball'
INFO: [VRFC 10-163] Analyzing VHDL file "C:/Users/USER/Desktop/Etudiants/pong_package.vhd" into library xil_defaultlib
INFO: [VRFC 10-163] Analyzing VHDL file "C:/Users/USER/Desktop/Etudiants/bounce.vhd" into library xil_defaultlib
INFO: [VRFC 10-3107] analyzing entity 'bounce'
INFO: [VRFC 10-163] Analyzing VHDL file "C:/Users/USER/Desktop/Etudiants/brick.vhd" into library xil_defaultlib
INFO: [VRFC 10-3107] analyzing entity 'brick_ctrl'
INFO: [VRFC 10-163] Analyzing VHDL file "C:/Users/USER/Desktop/Etudiants/decor.vhd" into library xil_defaultlib
INFO: [VRFC 10-3107] analyzing entity 'decor'
INFO: [VRFC 10-163] Analyzing VHDL file "C:/Users/USER/Desktop/Etudiants/display.vhd" into library xil_defaultlib
INFO: [VRFC 10-3107] analyzing entity 'display'
INFO: [VRFC 10-163] Analyzing VHDL file "C:/Users/USER/Desktop/Etudiants/mode.vhd" into library xil_defaultlib
INFO: [VRFC 10-3107] analyzing entity 'mode'
INFO: [VRFC 10-163] Analyzing VHDL file "C:/Users/USER/Desktop/Etudiants/game.vhd" into library xil_defaultlib
INFO: [VRFC 10-3107] analyzing entity 'game'
INFO: [VRFC 10-163] Analyzing VHDL file "C:/Users/USER/Desktop/jeux/jeux.srcs/sources_1/new/test.vhd" into library xil_defaultlib
INFO: [VRFC 10-3107] analyzing entity 'playacc'
INFO: [VRFC 10-163] Analyzing VHDL file "C:/Users/USER/Desktop/Etudiants/vga.vhd" into library xil_defaultlib
INFO: [VRFC 10-3107] analyzing entity 'VGA'
INFO: [VRFC 10-163] Analyzing VHDL file "C:/Users/USER/Desktop/Etudiants/pad.vhd" into library xil_defaultlib
INFO: [VRFC 10-3107] analyzing entity 'pad'
INFO: [VRFC 10-163] Analyzing VHDL file "C:/Users/USER/Desktop/Etudiants/monostable.vhd" into library xil_defaultlib
INFO: [VRFC 10-3107] analyzing entity 'monostable'
INFO: [VRFC 10-163] Analyzing VHDL file "C:/Users/USER/Desktop/Etudiants/objects.vhd" into library xil_defaultlib
INFO: [VRFC 10-3107] analyzing entity 'objects'
INFO: [VRFC 10-163] Analyzing VHDL file "C:/Users/USER/Desktop/myCasseBrique/myCasseBrique.srcs/sources_1/new/game_gen.vhd" into library xil_defaultlib
INFO: [VRFC 10-3107] analyzing entity 'game_gen'
run_program: Time (s): cpu = 00:00:01 ; elapsed = 00:00:07 . Memory (MB): peak = 1740.344 ; gain = 0.000
INFO: [USF-XSim-69] 'compile' step finished in '7' seconds
INFO: [USF-XSim-3] XSim::Elaborate design
INFO: [USF-XSim-61] Executing 'ELABORATE' step in 'C:/Users/USER/Desktop/myCasseBrique/myCasseBrique.sim/sim_1/behav/xsim'
Vivado Simulator 2018.3
Copyright 1986-1999, 2001-2018 Xilinx, Inc. All Rights Reserved.
Running: C:/Xilinx/Vivado/2018.3/bin/unwrapped/win64.o/xelab.exe -wto b37f8491889745eeaba1ffa54a82d0a0 --incr --debug typical --relax --mt 2 -L xil_defaultlib -L secureip --snapshot game_gen_behav xil_defaultlib.game_gen -log elaborate.log 
Using 2 slave threads.
Starting static elaboration
Completed static elaboration
Starting simulation data flow analysis
Completed simulation data flow analysis
Time Resolution for simulation is 1ps
Compiling package std.standard
Compiling package std.textio
Compiling package ieee.std_logic_1164
Compiling package ieee.numeric_std
Compiling package xil_defaultlib.pong_pack
Compiling package ieee.std_logic_arith
Compiling package ieee.std_logic_signed
Compiling package ieee.math_real
Compiling package ieee.std_logic_unsigned
Compiling architecture behavioral of entity xil_defaultlib.SPI_If [spi_if_default]
Compiling architecture behavioral of entity xil_defaultlib.ADXL362Ctrl [adxl362ctrl_default]
Compiling architecture behavioral of entity xil_defaultlib.playacc [playacc_default]
Compiling architecture behavioral of entity xil_defaultlib.ClkDiv [clkdiv_default]
Compiling architecture behavioral of entity xil_defaultlib.ClkDiv_5Hz [clkdiv_5hz_default]
Compiling architecture archi of entity xil_defaultlib.VGA [vga_default]
Compiling architecture behavioral of entity xil_defaultlib.decor [decor_default]
Compiling architecture behavioral of entity xil_defaultlib.pad [pad_default]
Compiling architecture behavioral of entity xil_defaultlib.bounce [bounce_default]
Compiling architecture comport of entity xil_defaultlib.monostable [monostable_default]
Compiling architecture behavioral of entity xil_defaultlib.ball [ball_default]
Compiling architecture behavioral of entity xil_defaultlib.brick_ctrl [brick_ctrl_default]
Compiling architecture behavioral of entity xil_defaultlib.objects [objects_default]
Compiling architecture behavioral of entity xil_defaultlib.display [display_default]
Compiling architecture behavioral of entity xil_defaultlib.mode [mode_default]
Compiling architecture behavioral of entity xil_defaultlib.game [game_default]
Compiling architecture behavioral of entity xil_defaultlib.game_gen
Built simulation snapshot game_gen_behav

****** Webtalk v2018.3 (64-bit)
  **** SW Build 2405991 on Thu Dec  6 23:38:27 MST 2018
  **** IP Build 2404404 on Fri Dec  7 01:43:56 MST 2018
    ** Copyright 1986-2018 Xilinx, Inc. All Rights Reserved.

source C:/Users/USER/Desktop/myCasseBrique/myCasseBrique.sim/sim_1/behav/xsim/xsim.dir/game_gen_behav/webtalk/xsim_webtalk.tcl -notrace
INFO: [Common 17-186] 'C:/Users/USER/Desktop/myCasseBrique/myCasseBrique.sim/sim_1/behav/xsim/xsim.dir/game_gen_behav/webtalk/usage_statistics_ext_xsim.xml' has been successfully sent to Xilinx on Mon Apr 29 11:46:06 2019. For additional details about this file, please refer to the WebTalk help file at C:/Xilinx/Vivado/2018.3/doc/webtalk_introduction.html.
INFO: [Common 17-206] Exiting Webtalk at Mon Apr 29 11:46:06 2019...
run_program: Time (s): cpu = 00:00:00 ; elapsed = 00:00:13 . Memory (MB): peak = 1740.344 ; gain = 0.000
INFO: [USF-XSim-69] 'elaborate' step finished in '13' seconds
INFO: [USF-XSim-4] XSim::Simulate design
INFO: [USF-XSim-61] Executing 'SIMULATE' step in 'C:/Users/USER/Desktop/myCasseBrique/myCasseBrique.sim/sim_1/behav/xsim'
INFO: [USF-XSim-98] *** Running xsim
   with args "game_gen_behav -key {Behavioral:sim_1:Functional:game_gen} -tclbatch {game_gen.tcl} -log {simulate.log}"
INFO: [USF-XSim-8] Loading simulator feature
Vivado Simulator 2018.3
Time resolution is 1 ps
source game_gen.tcl
# set curr_wave [current_wave_config]
# if { [string length $curr_wave] == 0 } {
#   if { [llength [get_objects]] > 0} {
#     add_wave /
#     set_property needs_save false [current_wave_config]
#   } else {
#      send_msg_id Add_Wave-1 WARNING "No top level signals found. Simulator will start without a wave window. If you want to open a wave window go to 'File->New Waveform Configuration' or type 'create_wave_config' in the TCL console."
#   }
# }
# run 1000ns
INFO: [USF-XSim-96] XSim completed. Design snapshot 'game_gen_behav' loaded.
INFO: [USF-XSim-97] XSim simulation ran for 1000ns
launch_simulation: Time (s): cpu = 00:00:09 ; elapsed = 00:00:27 . Memory (MB): peak = 1772.359 ; gain = 32.016
reset_run synth_2
WARNING: [Vivado 12-1017] Problems encountered:
1. Failed to delete one or more files in run directory C:/Users/USER/Desktop/myCasseBrique/myCasseBrique.runs/synth_2

launch_runs synth_2 -jobs 4
[Mon Apr 29 11:49:10 2019] Launched synth_2...
Run output will be captured here: C:/Users/USER/Desktop/myCasseBrique/myCasseBrique.runs/synth_2/runme.log
reset_run synth_2
WARNING: [Vivado 12-1017] Problems encountered:
1. Failed to delete one or more files in run directory C:/Users/USER/Desktop/myCasseBrique/myCasseBrique.runs/synth_2

close_sim
INFO: [Simtcl 6-16] Simulation closed
close_sim: Time (s): cpu = 00:00:01 ; elapsed = 00:00:06 . Memory (MB): peak = 1780.266 ; gain = 0.000
launch_runs synth_2 -jobs 4
[Mon Apr 29 12:09:10 2019] Launched synth_2...
Run output will be captured here: C:/Users/USER/Desktop/myCasseBrique/myCasseBrique.runs/synth_2/runme.log
launch_runs impl_2 -jobs 4
[Mon Apr 29 12:10:23 2019] Launched impl_2...
Run output will be captured here: C:/Users/USER/Desktop/myCasseBrique/myCasseBrique.runs/impl_2/runme.log
launch_runs impl_2 -to_step write_bitstream -jobs 4
[Mon Apr 29 12:11:57 2019] Launched impl_2...
Run output will be captured here: C:/Users/USER/Desktop/myCasseBrique/myCasseBrique.runs/impl_2/runme.log
set_property PROBES.FILE {} [get_hw_devices xc7a100t_0]
set_property FULL_PROBES.FILE {} [get_hw_devices xc7a100t_0]
set_property PROGRAM.FILE {C:/Users/USER/Desktop/myCasseBrique/myCasseBrique.runs/impl_2/game_gen.bit} [get_hw_devices xc7a100t_0]
program_hw_devices [get_hw_devices xc7a100t_0]
INFO: [Labtools 27-3164] End of startup status: HIGH
refresh_hw_device [lindex [get_hw_devices xc7a100t_0] 0]
INFO: [Labtools 27-1434] Device xc7a100t (JTAG device index = 0) is programmed with a design that has no supported debug core(s) in it.
reset_run synth_2
launch_runs synth_2 -jobs 4
[Mon Apr 29 12:30:52 2019] Launched synth_2...
Run output will be captured here: C:/Users/USER/Desktop/myCasseBrique/myCasseBrique.runs/synth_2/runme.log
launch_runs impl_2 -jobs 4
[Mon Apr 29 12:33:00 2019] Launched impl_2...
Run output will be captured here: C:/Users/USER/Desktop/myCasseBrique/myCasseBrique.runs/impl_2/runme.log
launch_runs impl_2 -to_step write_bitstream -jobs 4
[Mon Apr 29 12:34:55 2019] Launched impl_2...
Run output will be captured here: C:/Users/USER/Desktop/myCasseBrique/myCasseBrique.runs/impl_2/runme.log
set_property PROBES.FILE {} [get_hw_devices xc7a100t_0]
set_property FULL_PROBES.FILE {} [get_hw_devices xc7a100t_0]
set_property PROGRAM.FILE {C:/Users/USER/Desktop/myCasseBrique/myCasseBrique.runs/impl_2/game_gen.bit} [get_hw_devices xc7a100t_0]
program_hw_devices [get_hw_devices xc7a100t_0]
INFO: [Labtools 27-3164] End of startup status: HIGH
refresh_hw_device [lindex [get_hw_devices xc7a100t_0] 0]
INFO: [Labtools 27-1434] Device xc7a100t (JTAG device index = 0) is programmed with a design that has no supported debug core(s) in it.
ERROR: [Labtoolstcl 44-513] HW Target shutdown. Closing target: localhost:3121/xilinx_tcf/Digilent/210292A8B36CA
INFO: [Labtoolstcl 44-466] Opening hw_target localhost:3121/xilinx_tcf/Digilent/210292A8B36CA
INFO: [Labtools 27-1435] Device xc7a100t (JTAG device index = 0) is not programmed (DONE status = 0).
WARNING: [Labtoolstcl 44-129] No matching hw_ila_data was found.
ERROR: [Labtoolstcl 44-513] HW Target shutdown. Closing target: localhost:3121/xilinx_tcf/Digilent/210292A8B36CA
INFO: [Labtoolstcl 44-466] Opening hw_target localhost:3121/xilinx_tcf/Digilent/210292A8B36CA
INFO: [Labtools 27-1435] Device xc7a100t (JTAG device index = 0) is not programmed (DONE status = 0).
WARNING: [Labtoolstcl 44-129] No matching hw_ila_data was found.
set_property PROBES.FILE {} [get_hw_devices xc7a100t_0]
set_property FULL_PROBES.FILE {} [get_hw_devices xc7a100t_0]
set_property PROGRAM.FILE {C:/Users/USER/Desktop/myCasseBrique/myCasseBrique.runs/impl_2/game_gen.bit} [get_hw_devices xc7a100t_0]
program_hw_devices [get_hw_devices xc7a100t_0]
INFO: [Labtools 27-3164] End of startup status: HIGH
refresh_hw_device [lindex [get_hw_devices xc7a100t_0] 0]
INFO: [Labtools 27-1434] Device xc7a100t (JTAG device index = 0) is programmed with a design that has no supported debug core(s) in it.
reset_run synth_2
launch_runs synth_2 -jobs 4
[Mon Apr 29 12:57:24 2019] Launched synth_2...
Run output will be captured here: C:/Users/USER/Desktop/myCasseBrique/myCasseBrique.runs/synth_2/runme.log
launch_runs impl_2 -jobs 4
[Mon Apr 29 12:58:06 2019] Launched impl_2...
Run output will be captured here: C:/Users/USER/Desktop/myCasseBrique/myCasseBrique.runs/impl_2/runme.log
launch_runs impl_2 -to_step write_bitstream -jobs 4
[Mon Apr 29 12:59:21 2019] Launched impl_2...
Run output will be captured here: C:/Users/USER/Desktop/myCasseBrique/myCasseBrique.runs/impl_2/runme.log
set_property PROBES.FILE {} [get_hw_devices xc7a100t_0]
set_property FULL_PROBES.FILE {} [get_hw_devices xc7a100t_0]
set_property PROGRAM.FILE {C:/Users/USER/Desktop/myCasseBrique/myCasseBrique.runs/impl_2/game_gen.bit} [get_hw_devices xc7a100t_0]
program_hw_devices [get_hw_devices xc7a100t_0]
INFO: [Labtools 27-3164] End of startup status: HIGH
refresh_hw_device [lindex [get_hw_devices xc7a100t_0] 0]
INFO: [Labtools 27-1434] Device xc7a100t (JTAG device index = 0) is programmed with a design that has no supported debug core(s) in it.
open_run impl_2
INFO: [Netlist 29-17] Analyzing 61 Unisim elements for replacement
INFO: [Netlist 29-28] Unisim Transformation completed in 0 CPU seconds
INFO: [Project 1-479] Netlist was created with Vivado 2018.3
INFO: [Device 21-403] Loading part xa7a100tcsg324-1I
INFO: [Project 1-570] Preparing netlist for logic optimization
INFO: [Timing 38-478] Restoring timing data from binary archive.
INFO: [Timing 38-479] Binary timing data restore complete.
INFO: [Project 1-856] Restoring constraints from binary archive.
INFO: [Project 1-853] Binary constraint restore complete.
Reading XDEF placement.
Reading placer database...
Reading XDEF routing.
Read XDEF File: Time (s): cpu = 00:00:01 ; elapsed = 00:00:00.099 . Memory (MB): peak = 2551.129 ; gain = 0.000
Restored from archive | CPU: 1.000000 secs | Memory: 0.000000 MB |
Finished XDEF File Restore: Time (s): cpu = 00:00:01 ; elapsed = 00:00:00.099 . Memory (MB): peak = 2551.129 ; gain = 0.000
Netlist sorting complete. Time (s): cpu = 00:00:00 ; elapsed = 00:00:00.001 . Memory (MB): peak = 2551.129 ; gain = 0.000
INFO: [Project 1-111] Unisim Transformation Summary:
No Unisim elements were transformed.

open_run: Time (s): cpu = 00:00:32 ; elapsed = 00:00:29 . Memory (MB): peak = 2704.961 ; gain = 920.512
WARNING: [Timing 38-313] There are no user specified timing constraints. Timing constraints are needed for proper timing analysis.
reset_run synth_2
launch_runs synth_2 -jobs 4
[Mon Apr 29 13:04:37 2019] Launched synth_2...
Run output will be captured here: C:/Users/USER/Desktop/myCasseBrique/myCasseBrique.runs/synth_2/runme.log
launch_runs impl_2 -jobs 4
[Mon Apr 29 13:05:33 2019] Launched impl_2...
Run output will be captured here: C:/Users/USER/Desktop/myCasseBrique/myCasseBrique.runs/impl_2/runme.log
close_design
reset_run synth_2
launch_runs synth_2 -jobs 4
[Mon Apr 29 13:08:37 2019] Launched synth_2...
Run output will be captured here: C:/Users/USER/Desktop/myCasseBrique/myCasseBrique.runs/synth_2/runme.log
launch_runs impl_2 -jobs 4
[Mon Apr 29 13:09:19 2019] Launched impl_2...
Run output will be captured here: C:/Users/USER/Desktop/myCasseBrique/myCasseBrique.runs/impl_2/runme.log
launch_runs impl_2 -to_step write_bitstream -jobs 4
[Mon Apr 29 13:10:36 2019] Launched impl_2...
Run output will be captured here: C:/Users/USER/Desktop/myCasseBrique/myCasseBrique.runs/impl_2/runme.log
set_property PROBES.FILE {} [get_hw_devices xc7a100t_0]
set_property FULL_PROBES.FILE {} [get_hw_devices xc7a100t_0]
set_property PROGRAM.FILE {C:/Users/USER/Desktop/myCasseBrique/myCasseBrique.runs/impl_2/game_gen.bit} [get_hw_devices xc7a100t_0]
program_hw_devices [get_hw_devices xc7a100t_0]
INFO: [Labtools 27-3164] End of startup status: HIGH
refresh_hw_device [lindex [get_hw_devices xc7a100t_0] 0]
INFO: [Labtools 27-1434] Device xc7a100t (JTAG device index = 0) is programmed with a design that has no supported debug core(s) in it.
reset_run synth_2
launch_runs synth_2 -jobs 4
[Mon Apr 29 13:13:15 2019] Launched synth_2...
Run output will be captured here: C:/Users/USER/Desktop/myCasseBrique/myCasseBrique.runs/synth_2/runme.log
launch_runs impl_2 -jobs 4
[Mon Apr 29 13:14:02 2019] Launched impl_2...
Run output will be captured here: C:/Users/USER/Desktop/myCasseBrique/myCasseBrique.runs/impl_2/runme.log
launch_runs impl_2 -to_step write_bitstream -jobs 4
[Mon Apr 29 13:15:29 2019] Launched impl_2...
Run output will be captured here: C:/Users/USER/Desktop/myCasseBrique/myCasseBrique.runs/impl_2/runme.log
set_property PROBES.FILE {} [get_hw_devices xc7a100t_0]
set_property FULL_PROBES.FILE {} [get_hw_devices xc7a100t_0]
set_property PROGRAM.FILE {C:/Users/USER/Desktop/myCasseBrique/myCasseBrique.runs/impl_2/game_gen.bit} [get_hw_devices xc7a100t_0]
program_hw_devices [get_hw_devices xc7a100t_0]
INFO: [Labtools 27-3164] End of startup status: HIGH
refresh_hw_device [lindex [get_hw_devices xc7a100t_0] 0]
INFO: [Labtools 27-1434] Device xc7a100t (JTAG device index = 0) is programmed with a design that has no supported debug core(s) in it.
reset_run synth_2
launch_runs synth_2 -jobs 4
[Mon Apr 29 13:20:38 2019] Launched synth_2...
Run output will be captured here: C:/Users/USER/Desktop/myCasseBrique/myCasseBrique.runs/synth_2/runme.log
reset_run synth_2
launch_runs synth_2 -jobs 4
[Mon Apr 29 13:21:26 2019] Launched synth_2...
Run output will be captured here: C:/Users/USER/Desktop/myCasseBrique/myCasseBrique.runs/synth_2/runme.log
launch_runs impl_2 -jobs 4
[Mon Apr 29 13:22:09 2019] Launched impl_2...
Run output will be captured here: C:/Users/USER/Desktop/myCasseBrique/myCasseBrique.runs/impl_2/runme.log
launch_runs impl_2 -to_step write_bitstream -jobs 4
[Mon Apr 29 13:23:22 2019] Launched impl_2...
Run output will be captured here: C:/Users/USER/Desktop/myCasseBrique/myCasseBrique.runs/impl_2/runme.log
set_property PROBES.FILE {} [get_hw_devices xc7a100t_0]
set_property FULL_PROBES.FILE {} [get_hw_devices xc7a100t_0]
set_property PROGRAM.FILE {C:/Users/USER/Desktop/myCasseBrique/myCasseBrique.runs/impl_2/game_gen.bit} [get_hw_devices xc7a100t_0]
program_hw_devices [get_hw_devices xc7a100t_0]
INFO: [Labtools 27-3164] End of startup status: HIGH
refresh_hw_device [lindex [get_hw_devices xc7a100t_0] 0]
INFO: [Labtools 27-1434] Device xc7a100t (JTAG device index = 0) is programmed with a design that has no supported debug core(s) in it.
set_property PROBES.FILE {} [get_hw_devices xc7a100t_0]
set_property FULL_PROBES.FILE {} [get_hw_devices xc7a100t_0]
set_property PROGRAM.FILE {C:/Users/USER/Desktop/myCasseBrique/myCasseBrique.runs/impl_2/game_gen.bit} [get_hw_devices xc7a100t_0]
program_hw_devices [get_hw_devices xc7a100t_0]
INFO: [Labtools 27-3164] End of startup status: HIGH
refresh_hw_device [lindex [get_hw_devices xc7a100t_0] 0]
INFO: [Labtools 27-1434] Device xc7a100t (JTAG device index = 0) is programmed with a design that has no supported debug core(s) in it.
set_property PROBES.FILE {} [get_hw_devices xc7a100t_0]
set_property FULL_PROBES.FILE {} [get_hw_devices xc7a100t_0]
set_property PROGRAM.FILE {C:/Users/USER/Desktop/myCasseBrique/myCasseBrique.runs/impl_2/game_gen.bit} [get_hw_devices xc7a100t_0]
program_hw_devices [get_hw_devices xc7a100t_0]
INFO: [Labtools 27-3164] End of startup status: HIGH
refresh_hw_device [lindex [get_hw_devices xc7a100t_0] 0]
INFO: [Labtools 27-1434] Device xc7a100t (JTAG device index = 0) is programmed with a design that has no supported debug core(s) in it.
ERROR: [Labtoolstcl 44-513] HW Target shutdown. Closing target: localhost:3121/xilinx_tcf/Digilent/210292A8B36CA
INFO: [Labtoolstcl 44-466] Opening hw_target localhost:3121/xilinx_tcf/Digilent/210292A8B36CA
INFO: [Labtools 27-1434] Device xc7a100t (JTAG device index = 0) is programmed with a design that has no supported debug core(s) in it.
WARNING: [Labtoolstcl 44-129] No matching hw_ila_data was found.
reset_run synth_2
launch_runs synth_2 -jobs 4
[Mon Apr 29 13:37:36 2019] Launched synth_2...
Run output will be captured here: C:/Users/USER/Desktop/myCasseBrique/myCasseBrique.runs/synth_2/runme.log
launch_runs impl_2 -jobs 4
[Mon Apr 29 13:38:20 2019] Launched impl_2...
Run output will be captured here: C:/Users/USER/Desktop/myCasseBrique/myCasseBrique.runs/impl_2/runme.log
reset_run synth_2
launch_runs synth_2 -jobs 4
[Mon Apr 29 13:38:48 2019] Launched synth_2...
Run output will be captured here: C:/Users/USER/Desktop/myCasseBrique/myCasseBrique.runs/synth_2/runme.log
launch_runs impl_2 -jobs 4
[Mon Apr 29 13:39:38 2019] Launched impl_2...
Run output will be captured here: C:/Users/USER/Desktop/myCasseBrique/myCasseBrique.runs/impl_2/runme.log
launch_runs impl_2 -to_step write_bitstream -jobs 4
[Mon Apr 29 13:40:59 2019] Launched impl_2...
Run output will be captured here: C:/Users/USER/Desktop/myCasseBrique/myCasseBrique.runs/impl_2/runme.log
set_property PROBES.FILE {} [get_hw_devices xc7a100t_0]
set_property FULL_PROBES.FILE {} [get_hw_devices xc7a100t_0]
set_property PROGRAM.FILE {C:/Users/USER/Desktop/myCasseBrique/myCasseBrique.runs/impl_2/game_gen.bit} [get_hw_devices xc7a100t_0]
program_hw_devices [get_hw_devices xc7a100t_0]
INFO: [Labtools 27-3164] End of startup status: HIGH
refresh_hw_device [lindex [get_hw_devices xc7a100t_0] 0]
INFO: [Labtools 27-1434] Device xc7a100t (JTAG device index = 0) is programmed with a design that has no supported debug core(s) in it.
reset_run synth_2
launch_runs synth_2 -jobs 4
[Mon Apr 29 13:42:49 2019] Launched synth_2...
Run output will be captured here: C:/Users/USER/Desktop/myCasseBrique/myCasseBrique.runs/synth_2/runme.log
launch_runs impl_2 -jobs 4
[Mon Apr 29 13:44:09 2019] Launched impl_2...
Run output will be captured here: C:/Users/USER/Desktop/myCasseBrique/myCasseBrique.runs/impl_2/runme.log
launch_runs impl_2 -to_step write_bitstream -jobs 4
[Mon Apr 29 13:45:59 2019] Launched impl_2...
Run output will be captured here: C:/Users/USER/Desktop/myCasseBrique/myCasseBrique.runs/impl_2/runme.log
set_property PROBES.FILE {} [get_hw_devices xc7a100t_0]
set_property FULL_PROBES.FILE {} [get_hw_devices xc7a100t_0]
set_property PROGRAM.FILE {C:/Users/USER/Desktop/myCasseBrique/myCasseBrique.runs/impl_2/game_gen.bit} [get_hw_devices xc7a100t_0]
program_hw_devices [get_hw_devices xc7a100t_0]
INFO: [Labtools 27-3164] End of startup status: HIGH
refresh_hw_device [lindex [get_hw_devices xc7a100t_0] 0]
INFO: [Labtools 27-1434] Device xc7a100t (JTAG device index = 0) is programmed with a design that has no supported debug core(s) in it.
reset_run synth_2
launch_runs synth_2 -jobs 4
[Mon Apr 29 14:10:27 2019] Launched synth_2...
Run output will be captured here: C:/Users/USER/Desktop/myCasseBrique/myCasseBrique.runs/synth_2/runme.log
launch_runs impl_2 -jobs 4
[Mon Apr 29 14:11:13 2019] Launched impl_2...
Run output will be captured here: C:/Users/USER/Desktop/myCasseBrique/myCasseBrique.runs/impl_2/runme.log
launch_runs impl_2 -to_step write_bitstream -jobs 4
[Mon Apr 29 14:12:32 2019] Launched impl_2...
Run output will be captured here: C:/Users/USER/Desktop/myCasseBrique/myCasseBrique.runs/impl_2/runme.log
set_property PROBES.FILE {} [get_hw_devices xc7a100t_0]
set_property FULL_PROBES.FILE {} [get_hw_devices xc7a100t_0]
set_property PROGRAM.FILE {C:/Users/USER/Desktop/myCasseBrique/myCasseBrique.runs/impl_2/game_gen.bit} [get_hw_devices xc7a100t_0]
program_hw_devices [get_hw_devices xc7a100t_0]
INFO: [Labtools 27-3164] End of startup status: HIGH
refresh_hw_device [lindex [get_hw_devices xc7a100t_0] 0]
INFO: [Labtools 27-1434] Device xc7a100t (JTAG device index = 0) is programmed with a design that has no supported debug core(s) in it.
reset_run synth_2
launch_runs synth_2 -jobs 4
[Mon Apr 29 14:35:51 2019] Launched synth_2...
Run output will be captured here: C:/Users/USER/Desktop/myCasseBrique/myCasseBrique.runs/synth_2/runme.log
launch_runs impl_2 -jobs 4
[Mon Apr 29 14:36:37 2019] Launched impl_2...
Run output will be captured here: C:/Users/USER/Desktop/myCasseBrique/myCasseBrique.runs/impl_2/runme.log
launch_runs impl_2 -to_step write_bitstream -jobs 4
[Mon Apr 29 14:38:04 2019] Launched impl_2...
Run output will be captured here: C:/Users/USER/Desktop/myCasseBrique/myCasseBrique.runs/impl_2/runme.log
set_property PROBES.FILE {} [get_hw_devices xc7a100t_0]
set_property FULL_PROBES.FILE {} [get_hw_devices xc7a100t_0]
set_property PROGRAM.FILE {C:/Users/USER/Desktop/myCasseBrique/myCasseBrique.runs/impl_2/game_gen.bit} [get_hw_devices xc7a100t_0]
program_hw_devices [get_hw_devices xc7a100t_0]
INFO: [Labtools 27-3164] End of startup status: HIGH
refresh_hw_device [lindex [get_hw_devices xc7a100t_0] 0]
INFO: [Labtools 27-1434] Device xc7a100t (JTAG device index = 0) is programmed with a design that has no supported debug core(s) in it.
reset_run synth_2
launch_runs synth_2 -jobs 4
[Mon Apr 29 14:47:30 2019] Launched synth_2...
Run output will be captured here: C:/Users/USER/Desktop/myCasseBrique/myCasseBrique.runs/synth_2/runme.log
launch_runs impl_2 -jobs 4
[Mon Apr 29 14:48:13 2019] Launched impl_2...
Run output will be captured here: C:/Users/USER/Desktop/myCasseBrique/myCasseBrique.runs/impl_2/runme.log
launch_runs impl_2 -to_step write_bitstream -jobs 4
[Mon Apr 29 14:49:35 2019] Launched impl_2...
Run output will be captured here: C:/Users/USER/Desktop/myCasseBrique/myCasseBrique.runs/impl_2/runme.log
set_property PROBES.FILE {} [get_hw_devices xc7a100t_0]
set_property FULL_PROBES.FILE {} [get_hw_devices xc7a100t_0]
set_property PROGRAM.FILE {C:/Users/USER/Desktop/myCasseBrique/myCasseBrique.runs/impl_2/game_gen.bit} [get_hw_devices xc7a100t_0]
program_hw_devices [get_hw_devices xc7a100t_0]
INFO: [Labtools 27-3164] End of startup status: HIGH
refresh_hw_device [lindex [get_hw_devices xc7a100t_0] 0]
INFO: [Labtools 27-1434] Device xc7a100t (JTAG device index = 0) is programmed with a design that has no supported debug core(s) in it.
reset_run synth_2
launch_runs synth_2 -jobs 4
[Mon Apr 29 14:55:15 2019] Launched synth_2...
Run output will be captured here: C:/Users/USER/Desktop/myCasseBrique/myCasseBrique.runs/synth_2/runme.log
launch_runs impl_2 -jobs 4
[Mon Apr 29 14:55:57 2019] Launched impl_2...
Run output will be captured here: C:/Users/USER/Desktop/myCasseBrique/myCasseBrique.runs/impl_2/runme.log
launch_runs impl_2 -to_step write_bitstream -jobs 4
[Mon Apr 29 14:57:10 2019] Launched impl_2...
Run output will be captured here: C:/Users/USER/Desktop/myCasseBrique/myCasseBrique.runs/impl_2/runme.log
set_property PROBES.FILE {} [get_hw_devices xc7a100t_0]
set_property FULL_PROBES.FILE {} [get_hw_devices xc7a100t_0]
set_property PROGRAM.FILE {C:/Users/USER/Desktop/myCasseBrique/myCasseBrique.runs/impl_2/game_gen.bit} [get_hw_devices xc7a100t_0]
program_hw_devices [get_hw_devices xc7a100t_0]
INFO: [Labtools 27-3164] End of startup status: HIGH
refresh_hw_device [lindex [get_hw_devices xc7a100t_0] 0]
INFO: [Labtools 27-1434] Device xc7a100t (JTAG device index = 0) is programmed with a design that has no supported debug core(s) in it.
reset_run synth_2
launch_runs synth_2 -jobs 4
[Mon Apr 29 15:18:23 2019] Launched synth_2...
Run output will be captured here: C:/Users/USER/Desktop/myCasseBrique/myCasseBrique.runs/synth_2/runme.log
launch_runs impl_2 -jobs 4
[Mon Apr 29 15:19:05 2019] Launched impl_2...
Run output will be captured here: C:/Users/USER/Desktop/myCasseBrique/myCasseBrique.runs/impl_2/runme.log
launch_runs impl_2 -to_step write_bitstream -jobs 4
[Mon Apr 29 15:20:21 2019] Launched impl_2...
Run output will be captured here: C:/Users/USER/Desktop/myCasseBrique/myCasseBrique.runs/impl_2/runme.log
set_property PROBES.FILE {} [get_hw_devices xc7a100t_0]
set_property FULL_PROBES.FILE {} [get_hw_devices xc7a100t_0]
set_property PROGRAM.FILE {C:/Users/USER/Desktop/myCasseBrique/myCasseBrique.runs/impl_2/game_gen.bit} [get_hw_devices xc7a100t_0]
program_hw_devices [get_hw_devices xc7a100t_0]
INFO: [Labtools 27-3164] End of startup status: HIGH
refresh_hw_device [lindex [get_hw_devices xc7a100t_0] 0]
INFO: [Labtools 27-1434] Device xc7a100t (JTAG device index = 0) is programmed with a design that has no supported debug core(s) in it.
reset_run synth_2
launch_runs synth_2 -jobs 4
[Mon Apr 29 15:25:52 2019] Launched synth_2...
Run output will be captured here: C:/Users/USER/Desktop/myCasseBrique/myCasseBrique.runs/synth_2/runme.log
reset_run synth_2
launch_runs synth_2 -jobs 4
[Mon Apr 29 16:05:26 2019] Launched synth_2...
Run output will be captured here: C:/Users/USER/Desktop/myCasseBrique/myCasseBrique.runs/synth_2/runme.log
reset_run synth_2
launch_runs synth_2 -jobs 4
[Mon Apr 29 16:06:52 2019] Launched synth_2...
Run output will be captured here: C:/Users/USER/Desktop/myCasseBrique/myCasseBrique.runs/synth_2/runme.log
launch_runs impl_2 -jobs 4
[Mon Apr 29 16:07:47 2019] Launched impl_2...
Run output will be captured here: C:/Users/USER/Desktop/myCasseBrique/myCasseBrique.runs/impl_2/runme.log
ERROR: [Labtoolstcl 44-513] HW Target shutdown. Closing target: localhost:3121/xilinx_tcf/Digilent/210292A8B36CA
